{"/Users/jessada/Documents/projects/user-service-api/src/entities/User.ts": {"path":"/Users/jessada/Documents/projects/user-service-api/src/entities/User.ts","statementMap":{"0":{"start":{"line":1,"column":23},"end":{"line":1,"column":38}},"1":{"start":{"line":27,"column":2},"end":{"line":27,"column":22}},"2":{"start":{"line":28,"column":2},"end":{"line":28,"column":36}},"3":{"start":{"line":29,"column":2},"end":{"line":29,"column":34}},"4":{"start":{"line":30,"column":2},"end":{"line":30,"column":24}},"5":{"start":{"line":34,"column":2},"end":{"line":36,"column":3}},"6":{"start":{"line":35,"column":3},"end":{"line":35,"column":59}},"7":{"start":{"line":37,"column":2},"end":{"line":39,"column":3}},"8":{"start":{"line":38,"column":3},"end":{"line":38,"column":58}},"9":{"start":{"line":40,"column":2},"end":{"line":42,"column":3}},"10":{"start":{"line":41,"column":3},"end":{"line":41,"column":42}},"11":{"start":{"line":43,"column":2},"end":{"line":43,"column":25}},"12":{"start":{"line":47,"column":2},"end":{"line":49,"column":3}},"13":{"start":{"line":48,"column":3},"end":{"line":48,"column":59}},"14":{"start":{"line":51,"column":2},"end":{"line":51,"column":30}},"15":{"start":{"line":52,"column":2},"end":{"line":52,"column":14}},"16":{"start":{"line":56,"column":2},"end":{"line":58,"column":3}},"17":{"start":{"line":57,"column":3},"end":{"line":57,"column":58}},"18":{"start":{"line":60,"column":2},"end":{"line":60,"column":28}},"19":{"start":{"line":61,"column":2},"end":{"line":61,"column":14}},"20":{"start":{"line":65,"column":2},"end":{"line":67,"column":3}},"21":{"start":{"line":66,"column":3},"end":{"line":66,"column":42}},"22":{"start":{"line":69,"column":2},"end":{"line":69,"column":18}},"23":{"start":{"line":70,"column":2},"end":{"line":70,"column":14}},"24":{"start":{"line":74,"column":2},"end":{"line":74,"column":25}},"25":{"start":{"line":78,"column":2},"end":{"line":78,"column":24}},"26":{"start":{"line":82,"column":2},"end":{"line":82,"column":18}},"27":{"start":{"line":86,"column":2},"end":{"line":86,"column":19}},"28":{"start":{"line":20,"column":0},"end":{"line":20,"column":13}}},"fnMap":{"0":{"name":"(anonymous_0)","decl":{"start":{"line":26,"column":1},"end":{"line":26,"column":13}},"loc":{"start":{"line":26,"column":29},"end":{"line":31,"column":2}}},"1":{"name":"(anonymous_1)","decl":{"start":{"line":33,"column":1},"end":{"line":33,"column":7}},"loc":{"start":{"line":33,"column":37},"end":{"line":44,"column":2}}},"2":{"name":"(anonymous_2)","decl":{"start":{"line":46,"column":1},"end":{"line":46,"column":16}},"loc":{"start":{"line":46,"column":34},"end":{"line":53,"column":2}}},"3":{"name":"(anonymous_3)","decl":{"start":{"line":55,"column":1},"end":{"line":55,"column":15}},"loc":{"start":{"line":55,"column":32},"end":{"line":62,"column":2}}},"4":{"name":"(anonymous_4)","decl":{"start":{"line":64,"column":1},"end":{"line":64,"column":10}},"loc":{"start":{"line":64,"column":22},"end":{"line":71,"column":2}}},"5":{"name":"(anonymous_5)","decl":{"start":{"line":73,"column":1},"end":{"line":73,"column":5}},"loc":{"start":{"line":73,"column":14},"end":{"line":75,"column":2}}},"6":{"name":"(anonymous_6)","decl":{"start":{"line":77,"column":1},"end":{"line":77,"column":5}},"loc":{"start":{"line":77,"column":13},"end":{"line":79,"column":2}}},"7":{"name":"(anonymous_7)","decl":{"start":{"line":81,"column":1},"end":{"line":81,"column":5}},"loc":{"start":{"line":81,"column":7},"end":{"line":83,"column":2}}},"8":{"name":"(anonymous_8)","decl":{"start":{"line":85,"column":1},"end":{"line":85,"column":5}},"loc":{"start":{"line":85,"column":8},"end":{"line":87,"column":2}}}},"branchMap":{"0":{"loc":{"start":{"line":34,"column":2},"end":{"line":36,"column":3}},"type":"if","locations":[{"start":{"line":34,"column":2},"end":{"line":36,"column":3}}]},"1":{"loc":{"start":{"line":37,"column":2},"end":{"line":39,"column":3}},"type":"if","locations":[{"start":{"line":37,"column":2},"end":{"line":39,"column":3}}]},"2":{"loc":{"start":{"line":40,"column":2},"end":{"line":42,"column":3}},"type":"if","locations":[{"start":{"line":40,"column":2},"end":{"line":42,"column":3}}]},"3":{"loc":{"start":{"line":47,"column":2},"end":{"line":49,"column":3}},"type":"if","locations":[{"start":{"line":47,"column":2},"end":{"line":49,"column":3}}]},"4":{"loc":{"start":{"line":56,"column":2},"end":{"line":58,"column":3}},"type":"if","locations":[{"start":{"line":56,"column":2},"end":{"line":58,"column":3}}]},"5":{"loc":{"start":{"line":65,"column":2},"end":{"line":67,"column":3}},"type":"if","locations":[{"start":{"line":65,"column":2},"end":{"line":67,"column":3}}]}},"s":{"0":1,"1":1,"2":1,"3":1,"4":1,"5":1,"6":0,"7":1,"8":0,"9":1,"10":0,"11":1,"12":0,"13":0,"14":0,"15":0,"16":0,"17":0,"18":0,"19":0,"20":0,"21":0,"22":0,"23":0,"24":0,"25":0,"26":0,"27":0,"28":1},"f":{"0":1,"1":1,"2":0,"3":0,"4":0,"5":0,"6":0,"7":0,"8":0},"b":{"0":[0],"1":[0],"2":[0],"3":[0],"4":[0],"5":[0]}}
}
