TN:
SF:src/entities/User.ts
FN:26,(anonymous_0)
FN:33,(anonymous_1)
FN:46,(anonymous_2)
FN:55,(anonymous_3)
FN:64,(anonymous_4)
FN:73,(anonymous_5)
FN:77,(anonymous_6)
FN:81,(anonymous_7)
FN:85,(anonymous_8)
FNF:9
FNH:2
FNDA:1,(anonymous_0)
FNDA:1,(anonymous_1)
FNDA:0,(anonymous_2)
FNDA:0,(anonymous_3)
FNDA:0,(anonymous_4)
FNDA:0,(anonymous_5)
FNDA:0,(anonymous_6)
FNDA:0,(anonymous_7)
FNDA:0,(anonymous_8)
DA:1,1
DA:20,1
DA:27,1
DA:28,1
DA:29,1
DA:30,1
DA:34,1
DA:35,0
DA:37,1
DA:38,0
DA:40,1
DA:41,0
DA:43,1
DA:47,0
DA:48,0
DA:51,0
DA:52,0
DA:56,0
DA:57,0
DA:60,0
DA:61,0
DA:65,0
DA:66,0
DA:69,0
DA:70,0
DA:74,0
DA:78,0
DA:82,0
DA:86,0
LF:29
LH:10
BRDA:34,0,0,0
BRDA:37,1,0,0
BRDA:40,2,0,0
BRDA:47,3,0,0
BRDA:56,4,0,0
BRDA:65,5,0,0
BRF:6
BRH:0
end_of_record
